#! /usr/bin/vvp
:ivl_version "10.1 (stable)";
:ivl_delay_selection "TYPICAL";
:vpi_time_precision + 0;
:vpi_module "system";
:vpi_module "vhdl_sys";
:vpi_module "v2005_math";
:vpi_module "va_math";
S_0x563e0dd35590 .scope module, "tb" "tb" 2 1;
 .timescale 0 0;
v0x563e0dd57940_0 .var "clk", 0 0;
v0x563e0dd57a50_0 .net "in", 9 0, v0x563e0dd574c0_0;  1 drivers
v0x563e0dd57b60_0 .net "in2", 9 0, v0x563e0dd570b0_0;  1 drivers
v0x563e0dd57c00_0 .net "ins", 31 0, L_0x563e0dd68a60;  1 drivers
S_0x563e0dd35710 .scope module, "f1" "Fetch" 2 7, 3 1 0, S_0x563e0dd35590;
 .timescale 0 0;
    .port_info 0 /INPUT 1 "clk"
    .port_info 1 /OUTPUT 10 "in1"
    .port_info 2 /OUTPUT 10 "out1"
    .port_info 3 /OUTPUT 32 "ins"
v0x563e0dd57310_0 .var "c1", 9 0;
v0x563e0dd573f0_0 .net "clk", 0 0, v0x563e0dd57940_0;  1 drivers
v0x563e0dd574c0_0 .var "in1", 9 0;
v0x563e0dd575c0_0 .net "ins", 31 0, L_0x563e0dd68a60;  alias, 1 drivers
v0x563e0dd57690_0 .net "out1", 9 0, v0x563e0dd570b0_0;  alias, 1 drivers
v0x563e0dd57780_0 .net "out2", 9 0, L_0x563e0dd68f90;  1 drivers
v0x563e0dd57820_0 .var "res", 0 0;
S_0x563e0dd35900 .scope module, "a1" "add" 3 15, 4 1 0, S_0x563e0dd35710;
 .timescale 0 0;
    .port_info 0 /INPUT 10 "val1"
    .port_info 1 /INPUT 10 "val2"
    .port_info 2 /OUTPUT 10 "ans"
v0x563e0dd2e820_0 .net "ans", 9 0, L_0x563e0dd68f90;  alias, 1 drivers
v0x563e0dd2ce40_0 .net "val1", 9 0, v0x563e0dd570b0_0;  alias, 1 drivers
v0x563e0dd553c0_0 .net "val2", 9 0, v0x563e0dd57310_0;  1 drivers
L_0x563e0dd68f90 .arith/sum 10, v0x563e0dd570b0_0, v0x563e0dd57310_0;
S_0x563e0dd55500 .scope module, "im1" "InstructionMemory" 3 14, 5 1 0, S_0x563e0dd35710;
 .timescale 0 0;
    .port_info 0 /INPUT 10 "ReadAddress"
    .port_info 1 /OUTPUT 32 "Instruction"
L_0x563e0dd67f80 .functor BUFZ 8, L_0x563e0dd57cc0, C4<00000000>, C4<00000000>, C4<00000000>;
L_0x563e0dd683f0 .functor BUFZ 8, L_0x563e0dd68130, C4<00000000>, C4<00000000>, C4<00000000>;
L_0x563e0dd688b0 .functor BUFZ 8, L_0x563e0dd685e0, C4<00000000>, C4<00000000>, C4<00000000>;
L_0x563e0dd68e50 .functor BUFZ 8, L_0x563e0dd68c50, C4<00000000>, C4<00000000>, C4<00000000>;
v0x563e0dd556d0_0 .net "Instruction", 31 0, L_0x563e0dd68a60;  alias, 1 drivers
v0x563e0dd557d0 .array "Memory", 1023 0, 7 0;
v0x563e0dd55890_0 .net "ReadAddress", 9 0, v0x563e0dd570b0_0;  alias, 1 drivers
v0x563e0dd55930_0 .net *"_s10", 32 0, L_0x563e0dd67ee0;  1 drivers
v0x563e0dd559f0_0 .net *"_s13", 7 0, L_0x563e0dd67f80;  1 drivers
v0x563e0dd55b20_0 .net *"_s16", 7 0, L_0x563e0dd68130;  1 drivers
v0x563e0dd55c00_0 .net *"_s18", 32 0, L_0x563e0dd68200;  1 drivers
v0x563e0dd55ce0_0 .net *"_s2", 7 0, L_0x563e0dd57cc0;  1 drivers
L_0x7fc4ae7280a8 .functor BUFT 1, C4<00000000000000000000000>, C4<0>, C4<0>, C4<0>;
v0x563e0dd55dc0_0 .net *"_s21", 22 0, L_0x7fc4ae7280a8;  1 drivers
L_0x7fc4ae7280f0 .functor BUFT 1, C4<000000000000000000000000000000010>, C4<0>, C4<0>, C4<0>;
v0x563e0dd55ea0_0 .net/2u *"_s22", 32 0, L_0x7fc4ae7280f0;  1 drivers
v0x563e0dd55f80_0 .net *"_s24", 32 0, L_0x563e0dd68350;  1 drivers
v0x563e0dd56060_0 .net *"_s27", 7 0, L_0x563e0dd683f0;  1 drivers
v0x563e0dd56140_0 .net *"_s30", 7 0, L_0x563e0dd685e0;  1 drivers
v0x563e0dd56220_0 .net *"_s32", 32 0, L_0x563e0dd68680;  1 drivers
L_0x7fc4ae728138 .functor BUFT 1, C4<00000000000000000000000>, C4<0>, C4<0>, C4<0>;
v0x563e0dd56300_0 .net *"_s35", 22 0, L_0x7fc4ae728138;  1 drivers
L_0x7fc4ae728180 .functor BUFT 1, C4<000000000000000000000000000000001>, C4<0>, C4<0>, C4<0>;
v0x563e0dd563e0_0 .net/2u *"_s36", 32 0, L_0x7fc4ae728180;  1 drivers
v0x563e0dd564c0_0 .net *"_s38", 32 0, L_0x563e0dd68810;  1 drivers
v0x563e0dd565a0_0 .net *"_s4", 32 0, L_0x563e0dd57d80;  1 drivers
v0x563e0dd56680_0 .net *"_s41", 7 0, L_0x563e0dd688b0;  1 drivers
v0x563e0dd56760_0 .net *"_s45", 7 0, L_0x563e0dd68c50;  1 drivers
v0x563e0dd56840_0 .net *"_s47", 11 0, L_0x563e0dd68cf0;  1 drivers
L_0x7fc4ae7281c8 .functor BUFT 1, C4<00>, C4<0>, C4<0>, C4<0>;
v0x563e0dd56920_0 .net *"_s50", 1 0, L_0x7fc4ae7281c8;  1 drivers
v0x563e0dd56a00_0 .net *"_s52", 7 0, L_0x563e0dd68e50;  1 drivers
L_0x7fc4ae728018 .functor BUFT 1, C4<00000000000000000000000>, C4<0>, C4<0>, C4<0>;
v0x563e0dd56ae0_0 .net *"_s7", 22 0, L_0x7fc4ae728018;  1 drivers
L_0x7fc4ae728060 .functor BUFT 1, C4<000000000000000000000000000000011>, C4<0>, C4<0>, C4<0>;
v0x563e0dd56bc0_0 .net/2u *"_s8", 32 0, L_0x7fc4ae728060;  1 drivers
L_0x563e0dd57cc0 .array/port v0x563e0dd557d0, L_0x563e0dd67ee0;
L_0x563e0dd57d80 .concat [ 10 23 0 0], v0x563e0dd570b0_0, L_0x7fc4ae728018;
L_0x563e0dd67ee0 .arith/sum 33, L_0x563e0dd57d80, L_0x7fc4ae728060;
L_0x563e0dd68130 .array/port v0x563e0dd557d0, L_0x563e0dd68350;
L_0x563e0dd68200 .concat [ 10 23 0 0], v0x563e0dd570b0_0, L_0x7fc4ae7280a8;
L_0x563e0dd68350 .arith/sum 33, L_0x563e0dd68200, L_0x7fc4ae7280f0;
L_0x563e0dd685e0 .array/port v0x563e0dd557d0, L_0x563e0dd68810;
L_0x563e0dd68680 .concat [ 10 23 0 0], v0x563e0dd570b0_0, L_0x7fc4ae728138;
L_0x563e0dd68810 .arith/sum 33, L_0x563e0dd68680, L_0x7fc4ae728180;
L_0x563e0dd68a60 .concat8 [ 8 8 8 8], L_0x563e0dd67f80, L_0x563e0dd683f0, L_0x563e0dd688b0, L_0x563e0dd68e50;
L_0x563e0dd68c50 .array/port v0x563e0dd557d0, L_0x563e0dd68cf0;
L_0x563e0dd68cf0 .concat [ 10 2 0 0], v0x563e0dd570b0_0, L_0x7fc4ae7281c8;
S_0x563e0dd56d00 .scope module, "pc1" "ProgramCounter" 3 13, 6 1 0, S_0x563e0dd35710;
 .timescale 0 0;
    .port_info 0 /INPUT 1 "clk"
    .port_info 1 /INPUT 1 "reset"
    .port_info 2 /INPUT 10 "inPC"
    .port_info 3 /OUTPUT 10 "outAd"
v0x563e0dd56f10_0 .net "clk", 0 0, v0x563e0dd57940_0;  alias, 1 drivers
v0x563e0dd56fd0_0 .net "inPC", 9 0, v0x563e0dd574c0_0;  alias, 1 drivers
v0x563e0dd570b0_0 .var "outAd", 9 0;
v0x563e0dd571d0_0 .net "reset", 0 0, v0x563e0dd57820_0;  1 drivers
E_0x563e0dd21fa0 .event posedge, v0x563e0dd56f10_0;
    .scope S_0x563e0dd56d00;
T_0 ;
    %pushi/vec4 0, 0, 10;
    %store/vec4 v0x563e0dd570b0_0, 0, 10;
    %end;
    .thread T_0;
    .scope S_0x563e0dd56d00;
T_1 ;
    %wait E_0x563e0dd21fa0;
    %load/vec4 v0x563e0dd571d0_0;
    %pad/u 32;
    %cmpi/e 1, 0, 32;
    %jmp/0xz  T_1.0, 4;
    %pushi/vec4 0, 0, 10;
    %cassign/vec4 v0x563e0dd570b0_0;
    %jmp T_1.1;
T_1.0 ;
    %load/vec4 v0x563e0dd56fd0_0;
    %cassign/vec4 v0x563e0dd570b0_0;
    %cassign/link v0x563e0dd570b0_0, v0x563e0dd56fd0_0;
T_1.1 ;
    %jmp T_1;
    .thread T_1;
    .scope S_0x563e0dd55500;
T_2 ;
    %vpi_call 5 8 "$readmemh", "instructions.txt", v0x563e0dd557d0 {0 0 0};
    %end;
    .thread T_2;
    .scope S_0x563e0dd35710;
T_3 ;
    %pushi/vec4 0, 0, 1;
    %store/vec4 v0x563e0dd57820_0, 0, 1;
    %pushi/vec4 2, 0, 10;
    %store/vec4 v0x563e0dd574c0_0, 0, 10;
    %pushi/vec4 4, 0, 10;
    %store/vec4 v0x563e0dd57310_0, 0, 10;
    %end;
    .thread T_3;
    .scope S_0x563e0dd35710;
T_4 ;
    %wait E_0x563e0dd21fa0;
    %load/vec4 v0x563e0dd57780_0;
    %cassign/vec4 v0x563e0dd574c0_0;
    %cassign/link v0x563e0dd574c0_0, v0x563e0dd57780_0;
    %jmp T_4;
    .thread T_4;
    .scope S_0x563e0dd35590;
T_5 ;
    %pushi/vec4 0, 0, 1;
    %store/vec4 v0x563e0dd57940_0, 0, 1;
    %delay 300, 0;
    %vpi_call 2 13 "$finish" {0 0 0};
    %end;
    .thread T_5;
    .scope S_0x563e0dd35590;
T_6 ;
    %delay 10, 0;
    %load/vec4 v0x563e0dd57940_0;
    %nor/r;
    %store/vec4 v0x563e0dd57940_0, 0, 1;
    %jmp T_6;
    .thread T_6;
    .scope S_0x563e0dd35590;
T_7 ;
    %vpi_call 2 20 "$monitor", $time, " valor de pc: %d - %d, ins = %b\012", v0x563e0dd57a50_0, v0x563e0dd57b60_0, v0x563e0dd57c00_0 {0 0 0};
    %end;
    .thread T_7;
# The file index is used to find the file name in the following table.
:file_names 7;
    "N/A";
    "<interactive>";
    "tb_pr1.v";
    "fetch.v";
    "add.v";
    "ins_memory.v";
    "pc.v";
